<?xml version="1.0" encoding="UTF-8"?>
<!-- Generated by org.testng.reporters.JUnitReportReporter -->
<testsuite hostname="360NDCLP175" failures="0" tests="2" name="practicemaven.Mavanjava.SeleniumTest" time="0.002" errors="0" timestamp="2021-08-15T23:09:37 IST" skipped="0">
  <testcase classname="practicemaven.Mavanjava.SeleniumTest" name="logIn" time="0.001"/>
  <system-out/>
  <testcase classname="practicemaven.Mavanjava.SeleniumTest" name="logOut" time="0.001"/>
  <system-out/>
</testsuite> <!-- practicemaven.Mavanjava.SeleniumTest -->
