<?xml version="1.0" encoding="UTF-8"?>
<!-- Generated by org.testng.reporters.JUnitReportReporter -->
<testsuite hostname="360NDCLP175" failures="0" tests="2" name="practicemaven.Mavanjava.AppiumTest" time="0.006" errors="0" timestamp="2021-08-15T23:09:37 IST" skipped="0">
  <testcase classname="practicemaven.Mavanjava.AppiumTest" name="androidTest" time="0.006"/>
  <system-out/>
  <testcase classname="practicemaven.Mavanjava.AppiumTest" name="iosTest" time="0.000"/>
  <system-out/>
</testsuite> <!-- practicemaven.Mavanjava.AppiumTest -->
