<?xml version="1.0" encoding="UTF-8"?>
<!-- Generated by org.testng.reporters.JUnitReportReporter -->
<testsuite hostname="360NDCLP175" failures="0" tests="1" name="practicemaven.Mavanjava.ExtentReportDemo" time="17.323" errors="0" timestamp="2021-07-30T11:20:49 IST" skipped="0">
  <testcase classname="practicemaven.Mavanjava.ExtentReportDemo" name="initialDemo" time="17.323"/>
  <system-out/>
</testsuite> <!-- practicemaven.Mavanjava.ExtentReportDemo -->
