<?xml version="1.0" encoding="UTF-8"?>
<!-- Generated by org.testng.reporters.JUnitReportReporter -->
<testsuite skipped="0" hostname="360NDCLP175" name="practicemaven.Mavanjava.ApiTest" tests="2" failures="0" timestamp="2021-07-29T00:20:55 IST" time="0.004" errors="0">
  <testcase name="webAPI" time="0.000" classname="practicemaven.Mavanjava.ApiTest"/>
  <system-out/>
  <testcase name="mobAPI" time="0.004" classname="practicemaven.Mavanjava.ApiTest"/>
  <system-out/>
</testsuite> <!-- practicemaven.Mavanjava.ApiTest -->
