<?xml version="1.0" encoding="UTF-8"?>
<!-- Generated by org.testng.reporters.JUnitReportReporter -->
<testsuite skipped="0" hostname="360NDCLP175" name="practicemaven.Mavanjava.AppiumTest" tests="2" failures="0" timestamp="2021-07-29T00:12:07 IST" time="0.003" errors="0">
  <testcase name="iosTest" time="0.000" classname="practicemaven.Mavanjava.AppiumTest"/>
  <system-out/>
  <testcase name="androidTest" time="0.003" classname="practicemaven.Mavanjava.AppiumTest"/>
  <system-out/>
</testsuite> <!-- practicemaven.Mavanjava.AppiumTest -->
